4685150	ID:12	#L 0 1
4689074	ID:2	#L 0 1
4692971	ID:9	#L 0 1
4706024	ID:4	#L 0 1
4733328	ID:3	#L 0 1
4762793	ID:11	#L 0 1
4766729	ID:6	#L 0 1
4767125	ID:5	#L 0 1
7265361	ID:0	#L 12 1;blue
7390383	ID:0	#L 11 1;blue
7528950	ID:7	#L 9 1
7667398	ID:10	#L 6 1
9036219	ID:8	#L 11 1
9384475	ID:0	#L 9 1;blue
9513128	ID:0	#L 2 1;blue
10266152	ID:0	#L 5 1;blue
10309062	ID:9	#L 7 1;blue
10381983	ID:0	#L 9 1;blue
10640080	ID:0	#L 6 1;blue
14005423	ID:6	#L 0 0
14007537	ID:11	#L 0 1
14009823	ID:5	#L 0 0
14023009	ID:6	#L 0 1
14027588	ID:5	#L 0 1
14057355	ID:9	#L 0 0
14057603	ID:2	#L 0 0
14057922	ID:12	#L 0 1
14073847	ID:9	#L 0 1
14074843	ID:4	#L 0 0
14075457	ID:2	#L 0 1
14092320	ID:4	#L 0 1
14101349	ID:3	#L 0 0
14120132	ID:3	#L 0 1
16266083	ID:7	#L 9 0
16282859	ID:7	#L 9 1
16651314	ID:8	#L 11 0
16715623	ID:1	#L 5 1
19507655	ID:5	#L 1 1;blue
23284999	ID:10	#L 6 0
23285646	ID:10	#L 12 1
23332430	ID:4	#L 0 1
23893830	ID:0	#L 4 1;blue
24646776	ID:7	#L 9 1
24767084	ID:0	#L 3 1;blue
25034088	ID:10	#L 12 0
25662118	ID:8	#L 5 1
25663462	ID:8	#L 5 1
25710111	ID:1	#L 5 1
27508199	ID:6	#L 0 0
27508231	ID:5	#L 0 0
27526717	ID:5	#L 11 1
27527583	ID:6	#L 11 1
27529676	ID:8	#L 5 0
27546537	ID:8	#L 11 1
27573306	ID:4	#L 0 0
27594304	ID:4	#L 11 1
27603958	ID:3	#L 0 0
27624346	ID:3	#L 11 1
29428931	ID:2	#L 0 0
29433110	ID:9	#L 0 0
29446013	ID:2	#L 0 1
29450002	ID:9	#L 0 1
29456234	ID:4	#L 11 0
29456768	ID:4	#L 0 1
29470500	ID:4	#L 0 1
29485325	ID:3	#L 11 0
29485898	ID:3	#L 0 1
29499580	ID:3	#L 0 1
29513923	ID:6	#L 11 0
29514457	ID:6	#L 0 1
29517131	ID:5	#L 11 0
29517671	ID:5	#L 0 1
29527864	ID:6	#L 0 1
29531063	ID:5	#L 0 1
35403433	ID:8	#L 11 0
35420303	ID:8	#L 11 1
35450990	ID:4	#L 0 0
35470691	ID:4	#L 11 1
35539141	ID:10	#L 12 1
35556928	ID:9	#L 0 0
35574994	ID:9	#L 12 1
36207225	ID:1	#L 5 0
36223120	ID:1	#L 5 1
38506276	ID:6	#L 0 0
38524908	ID:6	#L 10 1
39539968	ID:12	#L 9 1;blue
39759271	ID:0	#L 12 1;blue
39801176	ID:12	#L 10 1;blue
41129682	ID:11	#L 8 1;blue
41259343	ID:0	#L 11 1;blue
42628592	ID:11	#L 4 1;blue
42757356	ID:0	#L 4 0
42759075	ID:0	#L 11 1;blue
43649987	ID:10	#L 6 1;blue
43827679	ID:4	#L 11 0
43845010	ID:4	#L 0 1
43915192	ID:12	#L 10 1;blue
45479011	ID:3	#L 0 0
45498478	ID:3	#L 11 1
45504834	ID:6	#L 10 0
45508987	ID:5	#L 0 0
45523038	ID:6	#L 11 1
45527169	ID:5	#L 11 1
45530721	ID:8	#L 11 0
45547631	ID:8	#L 11 1
45573950	ID:4	#L 0 0
45593572	ID:4	#L 11 1
45642675	ID:7	#L 9 0
45658779	ID:7	#L 9 1
47756226	ID:0	#L 6 0
47757861	ID:0	#L 12 1;blue
48555317	ID:2	#L 0 0
48573675	ID:2	#L 7 1
49659617	ID:10	#L 12 0
49676366	ID:10	#L 6 1
50780153	ID:8	#L 11 0
50797086	ID:8	#L 11 1
50823909	ID:4	#L 11 0
50843600	ID:4	#L 11 1
50849989	ID:3	#L 11 0
50869331	ID:3	#L 11 1
50879960	ID:6	#L 11 0
50880220	ID:5	#L 11 0
50898205	ID:6	#L 11 1
50898484	ID:5	#L 11 1
51034622	ID:10	#L 6 0
51051735	ID:10	#L 12 1
54248474	ID:11	#L 6 1;blue
54751545	ID:11	#L 5 1;blue
54934694	ID:9	#L 12 0
54954049	ID:9	#L 4 1
55438668	ID:9	#L 4 0
55439208	ID:9	#L 0 1
55452834	ID:9	#L 0 1
56504219	ID:11	#L 3 1;blue
59508771	ID:0	#L 11 1;blue
59633046	ID:0	#L 5 0
59634652	ID:0	#L 11 1;blue
59758884	ID:0	#L 3 0
59760597	ID:0	#L 11 1;blue
60111658	ID:3	#L 11 0
60112193	ID:3	#L 0 1
60126634	ID:3	#L 0 1
60138379	ID:6	#L 11 0
60138913	ID:6	#L 0 1
60139577	ID:5	#L 11 0
60140117	ID:5	#L 0 1
60153033	ID:6	#L 0 1
60154254	ID:5	#L 0 1
60180834	ID:2	#L 7 0
60189641	ID:9	#L 0 1
60197814	ID:2	#L 0 1
60205588	ID:4	#L 11 0
60206122	ID:4	#L 0 1
60220452	ID:4	#L 0 1
63009667	ID:0	#L 9 1;blue
63778209	ID:8	#L 11 0
63795053	ID:8	#L 11 1
64393127	ID:7	#L 9 0
64409288	ID:7	#L 9 1
66932452	ID:9	#L 0 0
66949845	ID:4	#L 0 0
66949956	ID:9	#L 12 1
66971202	ID:4	#L 12 1
67006088	ID:6	#L 0 0
67025893	ID:6	#L 12 1
67633438	ID:0	#L 5 1;blue
68133274	ID:0	#L 6 1;blue
69376387	ID:11	#L 0 0
69380882	ID:6	#L 12 0
69384761	ID:5	#L 0 0
69394220	ID:11	#L 0 1
69397660	ID:6	#L 0 1
69402383	ID:5	#L 0 1
69430055	ID:12	#L 0 1
69432662	ID:2	#L 0 0
69432762	ID:9	#L 12 0
69449405	ID:9	#L 0 1
69449793	ID:2	#L 0 1
73049692	ID:12	#L 4 1;blue
73361307	ID:0	#L 2 0
73506136	ID:0	#L 12 1;blue
75005956	ID:0	#L 2 1;blue
75825342	ID:4	#L 12 0
75845592	ID:4	#L 12 1
75907342	ID:10	#L 12 0
75924554	ID:10	#L 12 1
78020201	ID:7	#L 9 0
78036450	ID:7	#L 9 1
79331359	ID:4	#L 12 0
79331894	ID:4	#L 0 1
79345532	ID:4	#L 0 1
79601910	ID:3	#L 0 0
79619907	ID:3	#L 2 1
80278126	ID:8	#L 11 0
80294979	ID:8	#L 11 1
80660705	ID:10	#L 12 0
80677927	ID:10	#L 12 1
80682285	ID:9	#L 0 0
80699702	ID:4	#L 0 0
80699832	ID:9	#L 12 1
80719794	ID:4	#L 12 1
80755924	ID:6	#L 0 0
80774693	ID:6	#L 12 1
82206880	ID:1	#L 5 0
83880574	ID:6	#L 12 0
83884229	ID:11	#L 0 1
83884456	ID:5	#L 0 0
83897437	ID:6	#L 0 1
83901759	ID:5	#L 0 1
83929849	ID:12	#L 0 1
83932453	ID:9	#L 12 0
83936084	ID:2	#L 0 0
83949236	ID:9	#L 0 1
83950219	ID:4	#L 12 0
83953411	ID:2	#L 0 1
83967377	ID:4	#L 0 1
87634717	ID:0	#L 4 1;blue
88882518	ID:0	#L 12 1;blue
89382885	ID:6	#L 0 1
89387502	ID:5	#L 0 1
89435005	ID:2	#L 0 1
89438836	ID:9	#L 0 1
89451923	ID:4	#L 0 1
89474620	ID:3	#L 2 0
89493118	ID:3	#L 0 1
90507308	ID:0	#L 9 1;blue
92033885	ID:10	#L 12 0
92051168	ID:10	#L 12 1
92059692	ID:9	#L 0 0
92072759	ID:4	#L 0 0
92077107	ID:9	#L 12 1
92092821	ID:4	#L 12 1
92129084	ID:6	#L 0 0
92147593	ID:6	#L 12 1
92291132	ID:12	#L 6 1;blue
92382887	ID:0	#L 6 0
92384565	ID:0	#L 12 1;blue
94384851	ID:0	#L 3 1;blue
94508088	ID:0	#L 4 0
94509771	ID:0	#L 12 1;blue
95155513	ID:8	#L 11 0
95171720	ID:8	#L 5 1
97008837	ID:0	#L 12 1;blue
98006334	ID:6	#L 12 0
98025115	ID:6	#L 12 1
98058009	ID:9	#L 12 0
98075604	ID:9	#L 12 1
98075823	ID:4	#L 12 0
98096113	ID:4	#L 12 1
99123966	ID:5	#L 8 1;blue
99258562	ID:0	#L 5 1;blue
100554711	ID:2	#L 0 0
100572271	ID:2	#L 9 1
100645509	ID:7	#L 9 0
100661707	ID:7	#L 9 1
102160932	ID:10	#L 12 0
102177781	ID:10	#L 6 1
102455492	ID:4	#L 12 0
102475191	ID:4	#L 11 1
102477704	ID:3	#L 0 0
102497011	ID:3	#L 11 1
102503820	ID:6	#L 12 0
102507777	ID:5	#L 0 0
102521974	ID:6	#L 11 1
102525929	ID:5	#L 11 1
102529067	ID:8	#L 5 0
102545644	ID:8	#L 11 1
103973997	ID:11	#L 4 0
107289200	ID:12	#L 9 1;blue
107380767	ID:0	#L 9 0
107382416	ID:0	#L 12 1;blue
109006232	ID:0	#L 3 0
109007943	ID:0	#L 11 1;blue
109509400	ID:0	#L 11 1;blue
109574837	ID:4	#L 11 0
109594482	ID:4	#L 11 1
109600782	ID:3	#L 11 0
109620066	ID:3	#L 11 1
109630925	ID:6	#L 11 0
109630962	ID:5	#L 11 0
109648950	ID:6	#L 11 1
109649002	ID:5	#L 11 1
109652464	ID:8	#L 11 0
109669105	ID:8	#L 11 1
111508031	ID:0	#L 11 1;blue
112305191	ID:2	#L 9 0
112324252	ID:2	#L 3 1
113160596	ID:10	#L 6 0
113178653	ID:10	#L 4 1
113182690	ID:9	#L 12 0
113201246	ID:9	#L 4 1
113289284	ID:10	#L 4 0
113289825	ID:10	#L 6 1
113303041	ID:10	#L 6 1
115372902	ID:11	#L 4 1;blue
115508698	ID:0	#L 11 1;blue
115700305	ID:4	#L 11 0
115720624	ID:4	#L 12 1
115756212	ID:6	#L 11 0
115774912	ID:6	#L 12 1
115781790	ID:10	#L 6 0
115798746	ID:10	#L 12 1
115808269	ID:9	#L 4 0
115825884	ID:9	#L 12 1
