4658931	ID:9	#L 0 1
4671634	ID:6	#L 0 1
4689192	ID:4	#L 0 1
4706642	ID:5	#L 0 1
4710934	ID:2	#L 0 1
4729024	ID:3	#L 0 1
4758981	ID:11	#L 0 1
6820313	ID:8	#L 5 1
7615234	ID:0	#L 11 1;blue
8480687	ID:0	#L 5 1;blue
8614524	ID:0	#L 4 1;blue
8990276	ID:0	#L 3 1;blue
9239145	ID:0	#L 9 1;blue
9480200	ID:0	#L 2 1;blue
9575419	ID:5	#L 8 1;blue
9731271	ID:0	#L 5 1;blue
10489456	ID:0	#L 6 1;blue
12904674	ID:9	#L 0 1
12919317	ID:6	#L 0 1
12936702	ID:4	#L 0 1
12956704	ID:2	#L 0 1
12957154	ID:5	#L 0 1
12976936	ID:3	#L 0 1
15400824	ID:10	#L 6 1
15934462	ID:1	#L 5 1
16164153	ID:7	#L 9 1
16810291	ID:8	#L 5 0
16823562	ID:5	#L 0 0
16827799	ID:8	#L 11 1
16841416	ID:3	#L 0 0
16842476	ID:5	#L 11 1
16861955	ID:3	#L 11 1
16914435	ID:6	#L 0 0
16932097	ID:4	#L 0 0
16932911	ID:6	#L 11 1
16952001	ID:4	#L 11 1
20072386	ID:5	#L 1 1;blue
24501508	ID:11	#L 5 1;blue
24681234	ID:4	#L 11 0
24685296	ID:8	#L 11 0
24698368	ID:5	#L 11 0
24700058	ID:4	#L 11 1
24702040	ID:8	#L 11 1
24716386	ID:5	#L 11 1
24720254	ID:3	#L 11 0
24739599	ID:3	#L 11 1
24789430	ID:6	#L 11 0
24807070	ID:6	#L 11 1
28376187	ID:11	#L 8 1;blue
28617418	ID:11	#L 5 1;blue
31971326	ID:3	#L 11 0
31990630	ID:3	#L 11 1
32061804	ID:8	#L 11 0
32078691	ID:8	#L 11 1
33002784	ID:11	#L 3 1;blue
33625676	ID:11	#L 6 1;blue
33767461	ID:10	#L 6 0
33783317	ID:10	#L 6 1
36650819	ID:9	#L 0 0
36813691	ID:8	#L 11 0
36830609	ID:8	#L 11 1
39822876	ID:5	#L 11 0
39842634	ID:5	#L 8 1
40175933	ID:1	#L 5 0
40191800	ID:1	#L 5 1
42681984	ID:4	#L 11 0
42686014	ID:8	#L 11 0
42699192	ID:5	#L 8 0
42700897	ID:4	#L 11 1
42702842	ID:8	#L 11 1
42717228	ID:5	#L 11 1
42790082	ID:6	#L 11 0
42807748	ID:6	#L 11 1
44350586	ID:11	#L 0 0
46173657	ID:1	#L 5 0
46189510	ID:1	#L 5 1
47291448	ID:6	#L 11 0
47304587	ID:4	#L 11 0
47313056	ID:8	#L 11 0
47321856	ID:5	#L 11 0
49578238	ID:2	#L 0 0
51029607	ID:7	#L 9 0
51971042	ID:3	#L 11 0
52675938	ID:1	#L 5 0
53019596	ID:10	#L 6 0
92347347	ID:11	#L 3 0
104347234	ID:11	#L 6 0
108347297	ID:11	#L 8 0
112794096	ID:5	#L 1 0
