[18:16:06 - main] [Cooja.java:3172] [WARN] - JAVA_HOME environment variable not set, Cooja motes may not compile
[18:16:06 - main] [Cooja.java:2856] [INFO] - External tools default settings: /external_tools_linux_64.config
[18:16:06 - main] [Cooja.java:2886] [INFO] - External tools user settings: /home/user/.cooja.user.properties
[18:16:07 - main] [Simulation.java:422] [INFO] - Simulation random seed: -799230442566269500
[18:16:08 - main] [MspMote.java:235] [INFO] - Loading firmware from: /home/user/Experiments/version-number-attack/without-malicious/motes/root.z1
[18:16:09 - main] [MspMote.java:235] [INFO] - Loading firmware from: /home/user/Experiments/version-number-attack/without-malicious/motes/sensor.z1
[18:16:09 - main] [MspMote.java:235] [INFO] - Loading firmware from: /home/user/Experiments/version-number-attack/without-malicious/motes/sensor.z1
[18:16:09 - main] [MspMote.java:235] [INFO] - Loading firmware from: /home/user/Experiments/version-number-attack/without-malicious/motes/sensor.z1
[18:16:09 - main] [MspMote.java:235] [INFO] - Loading firmware from: /home/user/Experiments/version-number-attack/without-malicious/motes/sensor.z1
[18:16:09 - main] [MspMote.java:235] [INFO] - Loading firmware from: /home/user/Experiments/version-number-attack/without-malicious/motes/sensor.z1
[18:16:09 - main] [MspMote.java:235] [INFO] - Loading firmware from: /home/user/Experiments/version-number-attack/without-malicious/motes/sensor.z1
[18:16:10 - main] [MspMote.java:235] [INFO] - Loading firmware from: /home/user/Experiments/version-number-attack/without-malicious/motes/sensor.z1
[18:16:10 - main] [MspMote.java:235] [INFO] - Loading firmware from: /home/user/Experiments/version-number-attack/without-malicious/motes/sensor.z1
[18:16:10 - main] [MspMote.java:235] [INFO] - Loading firmware from: /home/user/Experiments/version-number-attack/without-malicious/motes/sensor.z1
[18:16:10 - main] [MspMote.java:235] [INFO] - Loading firmware from: /home/user/Experiments/version-number-attack/without-malicious/motes/sensor.z1
[18:16:11 - main] [ScriptRunner.java:430] [INFO] - Test script deactivated
[18:16:11 - main] [LogScriptEngine.java:265] [INFO] - Script timeout in 120000 ms
[18:16:12 - main] [ScriptRunner.java:387] [INFO] - Test script activated
[18:16:12 - main] [Visualizer.java:256] [INFO] - Registered external visualizer: org.contikios.cooja.plugins.skins.DGRMVisualizerSkin
[18:16:12 - main] [VisualizerScreenshot.java:79] [INFO] - Starting visualizer screenshot
[18:16:12 - main] [PcapExporter.java:36] [INFO] - Opened pcap file /home/user/Experiments/version-number-attack/without-malicious/data/output.pcap
[18:16:13 - main] [TimeLine.java:567] [INFO] - Zoom level: 500.0 microseconds/pixel 
[18:16:13 - Thread-3] [Simulation.java:253] [INFO] - Simulation main loop started, system time: 1638033373262
[18:16:22 - Thread-3] [LogScriptEngine.java:389] [INFO] - Test script at 5.00%, done in 201.9 sec
[18:16:29 - Thread-3] [LogScriptEngine.java:389] [INFO] - Test script at 10.00%, done in 158.2 sec
[18:16:33 - Thread-3] [LogScriptEngine.java:389] [INFO] - Test script at 15.00%, done in 122.3 sec
[18:16:37 - Thread-3] [LogScriptEngine.java:389] [INFO] - Test script at 20.00%, done in 101.1 sec
[18:16:38 - Thread-3] [LogScriptEngine.java:389] [INFO] - Test script at 25.00%, done in 79.8 sec
[18:16:40 - Thread-3] [LogScriptEngine.java:389] [INFO] - Test script at 30.00%, done in 65.8 sec
[18:16:41 - Thread-3] [LogScriptEngine.java:389] [INFO] - Test script at 35.00%, done in 53.7 sec
[18:16:41 - Thread-3] [LogScriptEngine.java:389] [INFO] - Test script at 40.00%, done in 44.5 sec
[18:16:42 - Thread-3] [LogScriptEngine.java:389] [INFO] - Test script at 45.00%, done in 37.3 sec
[18:16:44 - Thread-3] [LogScriptEngine.java:389] [INFO] - Test script at 50.00%, done in 31.7 sec
[18:16:45 - Thread-3] [LogScriptEngine.java:389] [INFO] - Test script at 55.00%, done in 27.3 sec
[18:16:46 - Thread-3] [LogScriptEngine.java:389] [INFO] - Test script at 60.00%, done in 23.0 sec
[18:16:47 - Thread-3] [LogScriptEngine.java:389] [INFO] - Test script at 65.00%, done in 18.9 sec
[18:16:47 - Thread-3] [LogScriptEngine.java:389] [INFO] - Test script at 70.00%, done in 15.2 sec
[18:16:48 - Thread-3] [LogScriptEngine.java:389] [INFO] - Test script at 75.00%, done in 12.0 sec
[18:16:49 - Thread-3] [LogScriptEngine.java:389] [INFO] - Test script at 80.00%, done in 9.2 sec
[18:16:49 - Thread-3] [LogScriptEngine.java:389] [INFO] - Test script at 85.00%, done in 6.6 sec
[18:16:50 - Thread-3] [LogScriptEngine.java:389] [INFO] - Test script at 90.00%, done in 4.3 sec
[18:16:51 - Thread-3] [LogScriptEngine.java:389] [INFO] - Test script at 95.00%, done in 2.0 sec
[18:16:52 - Thread-3] [LogScriptEngine.java:375] [INFO] - Timeout event @ 120000000
[18:16:52 - Thread-3] [Simulation.java:312] [INFO] - Simulation main loop stopped, system time: 1638033412570	Duration: 39308 ms	Simulated time 120047 ms	Ratio 3.0540093619619415
[18:16:52 - Thread-2] [LogScriptEngine.java:309] [INFO] - Test script finished
