5032057	ID:4	#L 0 1
5065955	ID:5	#L 0 1
5088046	ID:9	#L 0 1
5096304	ID:6	#L 0 1
5114447	ID:3	#L 0 1
7257818	ID:8	#L 5 1
7275203	ID:1	#L 5 1
7857041	ID:7	#L 9 1
7978052	ID:10	#L 6 1
8349469	ID:0	#L 4 1;blue
8474139	ID:0	#L 3 1;blue
8506322	ID:2	#L 3 1
8714089	ID:0	#L 5 1;blue
9716371	ID:0	#L 9 1;blue
9800660	ID:5	#L 1 1;blue
9841912	ID:0	#L 5 1;blue
10060245	ID:5	#L 8 1;blue
10214605	ID:0	#L 5 1;blue
10703364	ID:9	#L 7 1;blue
11961135	ID:6	#L 10 1;blue
13091333	ID:0	#L 6 1;blue
13215516	ID:0	#L 6 1;blue
13344901	ID:3	#L 2 1;blue
13468262	ID:0	#L 3 1;blue
13901667	ID:4	#L 0 1
13938535	ID:5	#L 0 1
13959122	ID:9	#L 0 1
13965745	ID:6	#L 0 1
13983471	ID:3	#L 0 1
14020939	ID:2	#L 3 0
14021473	ID:2	#L 0 1
14035381	ID:2	#L 0 1
16626564	ID:8	#L 5 1
19595003	ID:0	#L 2 1;blue
27477331	ID:7	#L 9 1
30973162	ID:10	#L 6 1
31750197	ID:8	#L 5 1
31769772	ID:1	#L 5 1
33590364	ID:0	#L 9 1;blue
44570379	ID:10	#L 6 0
44570914	ID:10	#L 4 1
49515956	ID:4	#L 10 1;blue
49592445	ID:0	#L 4 1;blue
58086505	ID:9	#L 0 1
58113223	ID:3	#L 0 1
58135533	ID:2	#L 0 1
58156625	ID:4	#L 0 1
58189731	ID:5	#L 0 1
58377518	ID:8	#L 5 1
58396659	ID:1	#L 5 1
64352630	ID:10	#L 4 1
66101670	ID:7	#L 9 1
73699548	ID:3	#L 2 0
103809211	ID:6	#L 10 0
104752713	ID:8	#L 5 1
116599475	ID:10	#L 4 1
117976732	ID:7	#L 9 1
118885651	ID:2	#L 0 1
118906623	ID:4	#L 0 1
118939804	ID:5	#L 0 1
118962364	ID:9	#L 0 1
118968134	ID:6	#L 0 1
118989076	ID:3	#L 0 1
