4437587	ID:4	#L 0 1
4455198	ID:11	#L 0 1
4459534	ID:13	#L 0 1
4502561	ID:12	#L 0 1
4520281	ID:5	#L 0 1
4533666	ID:3	#L 0 1
4549909	ID:9	#L 0 1
4550591	ID:2	#L 0 1
4554116	ID:6	#L 0 1
6716632	ID:8	#L 5 1
6804189	ID:7	#L 2 1
7021932	ID:0	#L 9 1;blue
8512324	ID:0	#L 5 1;blue
8685603	ID:10	#L 12 1
10897592	ID:0	#L 6 1;blue
11274470	ID:0	#L 11 1;blue
12896618	ID:0	#L 13 1;blue
15015637	ID:5	#L 0 1
15031935	ID:3	#L 0 1
15046424	ID:2	#L 0 1
15052849	ID:9	#L 0 1
15065336	ID:4	#L 0 1
16712154	ID:8	#L 5 1
16731039	ID:1	#L 5 1
17392507	ID:0	#L 3 1;blue
18259199	ID:5	#L 0 0
18272399	ID:3	#L 0 0
18297246	ID:6	#L 0 0
18306285	ID:4	#L 0 0
18316164	ID:6	#L 11 1
18326345	ID:4	#L 11 1
18332374	ID:8	#L 5 0
22324442	ID:11	#L 6 1;blue
22425949	ID:10	#L 12 0
22641893	ID:0	#L 6 0
22643522	ID:0	#L 11 1;blue
22793373	ID:9	#L 0 0
22807012	ID:10	#L 4 1
22808320	ID:10	#L 4 1
22813953	ID:9	#L 4 1
24015131	ID:5	#L 0 1
24016443	ID:5	#L 0 1
24029311	ID:3	#L 0 1
24030621	ID:3	#L 0 1
24040466	ID:2	#L 0 0
24049975	ID:9	#L 4 0
24050509	ID:9	#L 0 1
24058400	ID:2	#L 0 1
24064262	ID:9	#L 0 1
24068135	ID:4	#L 11 0
24068669	ID:4	#L 0 1
24082951	ID:4	#L 0 1
25010165	ID:5	#L 0 0
25023403	ID:3	#L 0 0
25044802	ID:6	#L 11 0
25057942	ID:4	#L 0 0
25062451	ID:6	#L 11 1
25077186	ID:4	#L 11 1
26301132	ID:10	#L 4 0
26317547	ID:10	#L 12 1
26418166	ID:9	#L 0 0
26437377	ID:9	#L 12 1
26721580	ID:1	#L 5 0
26764960	ID:5	#L 13 1
26765660	ID:5	#L 13 1
26786433	ID:3	#L 13 1
26787564	ID:3	#L 13 1
27822152	ID:11	#L 4 1;blue
27889550	ID:0	#L 11 1;blue
28043838	ID:2	#L 0 1
28264934	ID:0	#L 2 1;blue
29617055	ID:12	#L 9 1;blue
29769256	ID:0	#L 9 0
29771173	ID:0	#L 12 1;blue
29828104	ID:11	#L 0 1
29834303	ID:13	#L 0 1
29882424	ID:5	#L 13 0
29899904	ID:3	#L 13 0
29900164	ID:5	#L 0 1
29917281	ID:2	#L 0 0
29918737	ID:3	#L 0 1
29920234	ID:9	#L 12 0
29926598	ID:6	#L 11 0
29930480	ID:4	#L 11 0
29935110	ID:2	#L 0 1
29937178	ID:9	#L 0 1
29943598	ID:6	#L 0 1
29948507	ID:4	#L 0 1
37763094	ID:5	#L 0 1
37781382	ID:3	#L 0 1
37794868	ID:9	#L 0 1
37797787	ID:2	#L 0 1
37799237	ID:6	#L 0 1
37810981	ID:4	#L 0 1
38048106	ID:10	#L 12 0
38064540	ID:10	#L 12 1
39227320	ID:1	#L 5 1
39228631	ID:1	#L 5 1
39510808	ID:5	#L 0 0
39523971	ID:3	#L 0 0
39527629	ID:5	#L 13 1
39541124	ID:2	#L 0 0
39541347	ID:3	#L 13 1
39558810	ID:2	#L 13 1
39597348	ID:1	#L 5 0
41297845	ID:6	#L 0 0
41317062	ID:6	#L 12 1
43077771	ID:13	#L 3 1;blue
43516060	ID:0	#L 3 0
43517656	ID:0	#L 13 1;blue
45144576	ID:0	#L 4 1;blue
45241183	ID:12	#L 10 1;blue
46266964	ID:0	#L 12 1;blue
46290229	ID:9	#L 0 0
46294866	ID:6	#L 12 0
46298946	ID:10	#L 12 0
46307732	ID:4	#L 0 0
46308446	ID:9	#L 12 1
46313146	ID:6	#L 12 1
46315369	ID:10	#L 12 1
46328693	ID:4	#L 12 1
47666207	ID:2	#L 13 0
47682911	ID:2	#L 13 1
47757208	ID:5	#L 13 0
47773937	ID:5	#L 13 1
47774565	ID:3	#L 13 0
47791798	ID:3	#L 13 1
49492382	ID:12	#L 6 1;blue
49767891	ID:0	#L 12 1;blue
49990950	ID:12	#L 4 1;blue
50142801	ID:0	#L 4 0
50144592	ID:0	#L 12 1;blue
50766100	ID:5	#L 13 0
50766635	ID:5	#L 0 1
50779639	ID:5	#L 0 1
50780640	ID:3	#L 13 0
50781175	ID:3	#L 0 1
50794221	ID:3	#L 0 1
50796629	ID:2	#L 13 0
50797163	ID:2	#L 0 1
50799065	ID:9	#L 12 0
50799599	ID:9	#L 0 1
50810205	ID:2	#L 0 1
50813582	ID:4	#L 12 0
50813681	ID:9	#L 0 1
50814116	ID:4	#L 0 1
50828617	ID:4	#L 0 1
51462618	ID:8	#L 5 1
51584476	ID:8	#L 5 0
53018220	ID:0	#L 3 1;blue
53132851	ID:5	#L 0 0
53149513	ID:5	#L 13 1
56390026	ID:0	#L 9 1;blue
56519145	ID:0	#L 4 1;blue
56814199	ID:13	#L 5 1;blue
56888542	ID:0	#L 5 0
56890041	ID:0	#L 13 1;blue
57009281	ID:5	#L 13 0
57022837	ID:3	#L 0 0
57048551	ID:6	#L 12 0
57056984	ID:4	#L 0 0
57066239	ID:6	#L 11 1
57076090	ID:4	#L 11 1
59918639	ID:2	#L 0 0
60299591	ID:10	#L 12 0
61668798	ID:7	#L 2 0
61685499	ID:7	#L 9 1
62002006	ID:12	#L 0 1
62389518	ID:0	#L 4 0
62391284	ID:0	#L 11 1;blue
62515349	ID:0	#L 11 1;blue
62670137	ID:9	#L 0 0
62678801	ID:10	#L 4 1
62680112	ID:10	#L 4 1
62690439	ID:9	#L 4 1
63889404	ID:5	#L 13 1
63902349	ID:3	#L 13 1
63919325	ID:2	#L 13 1
64048462	ID:9	#L 4 1
64169826	ID:7	#L 9 0
64170485	ID:9	#L 4 0
64186513	ID:7	#L 2 1
64188895	ID:9	#L 2 1
64639191	ID:5	#L 13 0
64639726	ID:5	#L 0 1
64652744	ID:5	#L 0 1
64657791	ID:3	#L 13 0
64658325	ID:3	#L 0 1
64670812	ID:6	#L 11 0
64671309	ID:3	#L 0 1
64673920	ID:2	#L 13 0
64674455	ID:2	#L 0 1
64679843	ID:4	#L 11 0
64687481	ID:2	#L 0 1
64687816	ID:6	#L 0 1
64697541	ID:4	#L 0 1
64747514	ID:12	#L 0 1
66557589	ID:4	#L 0 0
66576461	ID:4	#L 11 1
66783976	ID:2	#L 9 1;blue
70642782	ID:0	#L 6 1;blue
70893898	ID:0	#L 12 1;blue
71263928	ID:0	#L 9 0
71265355	ID:0	#L 2 1;blue
72425902	ID:4	#L 10 1;blue
72891721	ID:5	#L 0 1
72905661	ID:3	#L 0 1
72923404	ID:6	#L 0 1
72927318	ID:9	#L 2 0
72927853	ID:9	#L 0 1
72928860	ID:2	#L 0 1
72941555	ID:9	#L 0 1
73109027	ID:1	#L 3 1
73110333	ID:1	#L 3 1
73301607	ID:7	#L 2 1
73794343	ID:9	#L 0 0
73798516	ID:6	#L 0 0
73798553	ID:10	#L 4 0
73813545	ID:9	#L 4 1
73815570	ID:10	#L 4 1
73817925	ID:6	#L 4 1
73939685	ID:11	#L 4 1;blue
76798511	ID:4	#L 6 1;blue
76939939	ID:11	#L 6 0
76941428	ID:11	#L 4 1;blue
76970656	ID:1	#L 3 0
77639268	ID:0	#L 6 0
77640961	ID:0	#L 11 1;blue
77925974	ID:4	#L 11 0
77944927	ID:4	#L 11 1
78927502	ID:10	#L 4 0
78944057	ID:10	#L 12 1
80132189	ID:5	#L 0 0
80150330	ID:5	#L 0 1
81421192	ID:4	#L 9 1;blue
81563067	ID:11	#L 4 1;blue
81766792	ID:0	#L 11 1;blue
82547773	ID:6	#L 4 0
82568050	ID:6	#L 10 1
83300834	ID:7	#L 2 1
83772931	ID:3	#L 0 0
83798851	ID:6	#L 10 0
83807495	ID:4	#L 11 0
83816426	ID:6	#L 11 1
83826520	ID:4	#L 11 1
83885291	ID:5	#L 0 0
85387466	ID:5	#L 0 1
85405636	ID:3	#L 0 1
85413265	ID:2	#L 0 0
85417591	ID:9	#L 4 0
85421728	ID:6	#L 11 0
85430687	ID:4	#L 11 0
85431338	ID:2	#L 0 1
85434383	ID:9	#L 0 1
85438399	ID:6	#L 0 1
85448483	ID:4	#L 0 1
85455685	ID:11	#L 0 1
85458590	ID:13	#L 0 1
86765770	ID:0	#L 6 1;blue
87762175	ID:0	#L 9 1;blue
88211630	ID:8	#L 5 1
88225390	ID:1	#L 5 1
88354803	ID:1	#L 5 0
88355338	ID:1	#L 3 1
88368507	ID:1	#L 3 1
91515094	ID:3	#L 1 1;blue
91642623	ID:0	#L 3 1;blue
91820807	ID:11	#L 0 0
91839554	ID:11	#L 13 1
91850735	ID:1	#L 3 0
91885608	ID:5	#L 0 0
91902862	ID:5	#L 13 1
91903000	ID:3	#L 0 0
91920125	ID:3	#L 13 1
93378485	ID:5	#L 8 1;blue
93441840	ID:13	#L 5 1;blue
93513216	ID:0	#L 13 1;blue
94834547	ID:8	#L 5 0
94921496	ID:6	#L 0 0
94930186	ID:4	#L 0 0
94938821	ID:6	#L 11 1
94949125	ID:4	#L 11 1
95499398	ID:12	#L 0 1
95517355	ID:5	#L 13 0
95522001	ID:3	#L 13 0
95535465	ID:5	#L 0 1
95539329	ID:2	#L 0 0
95540735	ID:3	#L 0 1
95543379	ID:9	#L 0 0
95547982	ID:6	#L 11 0
95556889	ID:4	#L 11 0
95557282	ID:2	#L 0 1
95560039	ID:9	#L 0 1
95564655	ID:6	#L 0 1
95574739	ID:4	#L 0 1
95578643	ID:13	#L 0 1
95581816	ID:11	#L 13 0
95582366	ID:11	#L 0 1
95595626	ID:11	#L 0 1
99516779	ID:0	#L 5 1;blue
99800533	ID:10	#L 12 0
99818714	ID:10	#L 6 1
100388627	ID:5	#L 0 1
100406894	ID:3	#L 0 1
100418639	ID:2	#L 0 1
100419813	ID:9	#L 0 1
100424538	ID:6	#L 0 1
100437936	ID:4	#L 0 1
100458078	ID:11	#L 0 1
101642643	ID:0	#L 4 1;blue
102916580	ID:6	#L 10 1;blue
104764509	ID:0	#L 6 1;blue
106601866	ID:1	#L 3 1
106603177	ID:1	#L 3 1
107670282	ID:7	#L 2 0
107687065	ID:7	#L 9 1
107848197	ID:1	#L 3 0
108921035	ID:13	#L 3 0
110132620	ID:5	#L 0 0
110150030	ID:3	#L 0 0
110152752	ID:5	#L 11 1
110171215	ID:6	#L 0 0
110171279	ID:3	#L 11 1
110180136	ID:4	#L 0 0
110188820	ID:6	#L 11 1
110199274	ID:4	#L 11 1
111587884	ID:12	#L 9 0
112544966	ID:9	#L 0 0
112549538	ID:10	#L 6 0
112564103	ID:9	#L 4 1
112566325	ID:10	#L 4 1
113817383	ID:11	#L 6 1;blue
114687360	ID:11	#L 5 1;blue
114764749	ID:0	#L 11 1;blue
114891715	ID:0	#L 5 0
114893331	ID:0	#L 11 1;blue
115139408	ID:0	#L 4 0
115141199	ID:0	#L 11 1;blue
115666596	ID:7	#L 9 0
115666901	ID:2	#L 0 0
115682732	ID:7	#L 9 1
115685534	ID:2	#L 9 1
115898393	ID:6	#L 11 0
115898934	ID:6	#L 4 1
117271846	ID:3	#L 11 0
117293380	ID:3	#L 11 1
117297477	ID:6	#L 4 0
117306285	ID:4	#L 11 0
117315155	ID:6	#L 11 1
117325456	ID:4	#L 11 1
